\BOOKMARK [1][-]{section.1}{Introduction}{}% 1
\BOOKMARK [1][-]{section.2}{Methods}{}% 2
\BOOKMARK [2][-]{subsection.2.1}{Overview}{section.2}% 3
\BOOKMARK [2][-]{subsection.2.2}{Model\040description}{section.2}% 4
\BOOKMARK [3][-]{section*.1}{Neural\040model}{subsection.2.2}% 5
\BOOKMARK [3][-]{equation.2.4}{Synaptic\040model}{subsection.2.2}% 6
\BOOKMARK [2][-]{subsection.2.3}{Reproduction\040of\040experiments}{section.2}% 7
\BOOKMARK [3][-]{subsubsection.2.3.1}{Parameter\040setup}{subsection.2.3}% 8
\BOOKMARK [3][-]{subsubsection.2.3.2}{Experiment\040descriptions}{subsection.2.3}% 9
\BOOKMARK [3][-]{subsubsection.2.3.3}{Non-reproduced\040experiments}{subsection.2.3}% 10
\BOOKMARK [2][-]{subsection.2.4}{Reimplementation}{section.2}% 11
\BOOKMARK [3][-]{subsubsection.2.4.1}{Network\040implementation}{subsection.2.4}% 12
\BOOKMARK [3][-]{subsubsection.2.4.2}{Implementation\040of\040the\040Experiments}{subsection.2.4}% 13
\BOOKMARK [3][-]{subsubsection.2.4.3}{Recording\040variables}{subsection.2.4}% 14
\BOOKMARK [1][-]{section.3}{Results}{}% 15
\BOOKMARK [2][-]{subsection.3.1}{Voltage-Clamp\040experiment}{section.3}% 16
\BOOKMARK [2][-]{subsection.3.2}{Pair-based\040and\040triplet\040STDP\040experiments}{section.3}% 17
\BOOKMARK [2][-]{subsection.3.3}{Spike\040bursts}{section.3}% 18
\BOOKMARK [2][-]{subsection.3.4}{Connectivity\040analysis}{section.3}% 19
\BOOKMARK [2][-]{subsection.3.5}{Receptive\040fields}{section.3}% 20
\BOOKMARK [1][-]{section.4}{Conclusion}{}% 21
\BOOKMARK [2][-]{subsection.4.1}{Acknowledgment}{section.4}% 22
