This is XeTeX, Version 3.14159265-2.6-0.99998 (TeX Live 2017) (preloaded format=xelatex 2017.10.17)  15 FEB 2018 13:10
entering extended mode
 restricted \write18 enabled.
 %&-line parsing enabled.
**Mondeel_Ogundipe_Westerhoff-2017pandoc --standalone --filter /Users/thierry/L
ibrary/Haskell/bin/pandoc-crossref --template=rescience-template.tex --latex-en
gine=xelatex --biblatex --bibliography=bibliography.bib -M crossrefYaml=crossre
f.yaml --output Mondeel_Ogundipe_Westerhoff-2017.tex Mondeel_Ogundipe_Westerhof
f-2017.md

! Emergency stop.
<*> Mondeel_Ogundipe_Westerhoff-2017pandoc 
                                           --standalone --filter /Users/thie...
End of file on the terminal!

 
Here is how much of TeX's memory you used:
 3 strings out of 493005
 53 string characters out of 6134595
 61634 words of memory out of 5000000
 4077 multiletter control sequences out of 15000+600000
 3640 words of font info for 14 fonts, out of 8000000 for 9000
 1348 hyphenation exceptions out of 8191
 0i,0n,0p,366b,6s stack positions out of 5000i,500n,10000p,200000b,80000s
No pages of output.
